Removed Pin From Net: NetName=GND Pin=C14-1
Removed Pin From Net: NetName=3V3 Pin=C14-2
Removed Pin From Net: NetName=3V3 Pin=R41-2
Removed Pin From Net: NetName=GND Pin=U15-1
Removed Pin From Net: NetName=A2_1 Pin=U15-3
Removed Pin From Net: NetName=W2_1 Pin=U15-4
Removed Pin From Net: NetName=GND Pin=U15-5
Removed Pin From Net: NetName=*CS2 Pin=U15-7
Removed Pin From Net: NetName=SPI3_MOSI Pin=U15-8
Removed Pin From Net: NetName=SPI3_SCK Pin=U15-9
Removed Pin From Net: NetName=*RS2 Pin=U15-10
Removed Pin From Net: NetName=3V3 Pin=U15-11
Removed Pin From Net: NetName=*CS3 Pin=U17-7
Removed Pin From Net: NetName=*RS3 Pin=U17-10
Removed Member From Class: ClassName=Power Member=C14
Removed Member From Class: ClassName=Power Member=R41
Removed Member From Class: ClassName=Power Member=U15
Added Pin To Net: NetName=*CS2 Pin=U17-7
Added Pin To Net: NetName=*RS2 Pin=U17-10
Added Pin To Net: NetName=W2_1 Pin=U17-12
Added Pin To Net: NetName=A2_1 Pin=U17-13
