Change Component Footprint: Designator=C42 Old Footprint=c0402 New Footprint=C 0603_M
Change Component Footprint: Designator=C52 Old Footprint=c0402 New Footprint=C 0603_M
Change Physical Footprint: Designator=1 Old Footprint=OSC-3225-4P New Footprint=OSC-3225-4P
Change Physical Footprint: Designator=C1 Old Footprint=c0402 New Footprint=c0402
Change Physical Footprint: Designator=C2 Old Footprint=c0402 New Footprint=c0402
Change Physical Footprint: Designator=C3 Old Footprint=c0402 New Footprint=c0402
Change Physical Footprint: Designator=C4 Old Footprint=c0402 New Footprint=c0402
Change Physical Footprint: Designator=C5 Old Footprint=c0402 New Footprint=c0402
Change Physical Footprint: Designator=C6 Old Footprint=c0402 New Footprint=c0402
Change Physical Footprint: Designator=C7 Old Footprint=c0402 New Footprint=c0402
Change Physical Footprint: Designator=C8 Old Footprint=c0402 New Footprint=c0402
Change Physical Footprint: Designator=C9 Old Footprint=c0402 New Footprint=c0402
Change Physical Footprint: Designator=C10 Old Footprint=c0402 New Footprint=c0402
Change Physical Footprint: Designator=C11 Old Footprint=c0402 New Footprint=c0402
Change Physical Footprint: Designator=C12 Old Footprint=1210 New Footprint=1210
Change Physical Footprint: Designator=C13 Old Footprint=1210 New Footprint=1210
Change Physical Footprint: Designator=C14 Old Footprint=1210 New Footprint=1210
Change Physical Footprint: Designator=C15 Old Footprint=c0402 New Footprint=c0402
Change Physical Footprint: Designator=C16 Old Footprint=1210 New Footprint=1210
Change Physical Footprint: Designator=C17 Old Footprint=c0402 New Footprint=c0402
Change Physical Footprint: Designator=C18 Old Footprint=3216 New Footprint=3216
Change Physical Footprint: Designator=C19 Old Footprint=3216 New Footprint=3216
Change Physical Footprint: Designator=C20 Old Footprint=1210 New Footprint=1210
Change Physical Footprint: Designator=C21 Old Footprint=1210 New Footprint=1210
Change Physical Footprint: Designator=C23 Old Footprint=1210 New Footprint=1210
Change Physical Footprint: Designator=C24 Old Footprint=c0402 New Footprint=c0402
Change Physical Footprint: Designator=C25 Old Footprint=c0402 New Footprint=c0402
Change Physical Footprint: Designator=C32 Old Footprint=c0402 New Footprint=c0402
Change Physical Footprint: Designator=C33 Old Footprint=c0402 New Footprint=c0402
Change Physical Footprint: Designator=C34 Old Footprint=c0402 New Footprint=c0402
Change Physical Footprint: Designator=C35 Old Footprint=c0402 New Footprint=c0402
Change Physical Footprint: Designator=C36 Old Footprint=1210 New Footprint=1210
Change Physical Footprint: Designator=C37 Old Footprint=1210 New Footprint=1210
Change Physical Footprint: Designator=C38 Old Footprint=1210 New Footprint=1210
Change Physical Footprint: Designator=C39 Old Footprint=1210 New Footprint=1210
Change Physical Footprint: Designator=C41 Old Footprint=c0402 New Footprint=c0402
Change Physical Footprint: Designator=C43 Old Footprint=c0402 New Footprint=c0402
Change Physical Footprint: Designator=C44 Old Footprint=c0402 New Footprint=c0402
Change Physical Footprint: Designator=C45 Old Footprint=1210 New Footprint=1210
Change Physical Footprint: Designator=C46 Old Footprint=1210 New Footprint=1210
Change Physical Footprint: Designator=C47 Old Footprint=1210 New Footprint=1210
Change Physical Footprint: Designator=C49 Old Footprint=C 0603_M New Footprint=C 0603_M
Change Physical Footprint: Designator=C50 Old Footprint=c0402 New Footprint=c0402
Change Physical Footprint: Designator=C51 Old Footprint=c0402 New Footprint=c0402
Change Physical Footprint: Designator=C53 Old Footprint=c0402 New Footprint=c0402
Change Physical Footprint: Designator=C54 Old Footprint=1210 New Footprint=1210
Change Physical Footprint: Designator=C55 Old Footprint=1210 New Footprint=1210
Change Physical Footprint: Designator=C56 Old Footprint=1210 New Footprint=1210
Change Physical Footprint: Designator=C59 Old Footprint=C 0603_M New Footprint=C 0603_M
Change Physical Footprint: Designator=C60 Old Footprint=c0402 New Footprint=c0402
Change Physical Footprint: Designator=C62 Old Footprint=c0402 New Footprint=c0402
Change Physical Footprint: Designator=C63 Old Footprint=1210 New Footprint=1210
Change Physical Footprint: Designator=C64 Old Footprint=c0402 New Footprint=c0402
Change Physical Footprint: Designator=C65 Old Footprint=1210 New Footprint=1210
Change Physical Footprint: Designator=C68 Old Footprint=c0402 New Footprint=c0402
Change Physical Footprint: Designator=C69 Old Footprint=c0402 New Footprint=c0402
Change Physical Footprint: Designator=CN1 Old Footprint=CONN-SMD_4P-P1.25_GH1.25-4P New Footprint=CONN-SMD_4P-P1.25_GH1.25-4P
Change Physical Footprint: Designator=CN2 Old Footprint=CONN-SMD_4P-P1.25_GH1.25-4P New Footprint=CONN-SMD_4P-P1.25_GH1.25-4P
Change Physical Footprint: Designator=D1 Old Footprint=pg-tdson-8 New Footprint=pg-tdson-8
Change Physical Footprint: Designator=D2 Old Footprint=pg-tdson-8 New Footprint=pg-tdson-8
Change Physical Footprint: Designator=D3 Old Footprint=pg-tdson-8 New Footprint=pg-tdson-8
Change Physical Footprint: Designator=D4 Old Footprint=pg-tdson-8 New Footprint=pg-tdson-8
Change Physical Footprint: Designator=H1 Old Footprint=HDR-TH_7P-P2.54-V-F New Footprint=HDR-TH_7P-P2.54-V-F
Change Physical Footprint: Designator=L1 Old Footprint=L-SMD-0630 New Footprint=L-SMD-0630
Change Physical Footprint: Designator=L2 Old Footprint=L-SMD-0630 New Footprint=L-SMD-0630
Change Physical Footprint: Designator=L3 Old Footprint=IND-SMD_L5.4-W5.2 New Footprint=IND-SMD_L5.4-W5.2
Change Physical Footprint: Designator=LED1 Old Footprint=LED-SMD_4P-L5.0-W5.0-BL_XL-5050RGBC New Footprint=LED-SMD_4P-L5.0-W5.0-BL_XL-5050RGBC
Change Physical Footprint: Designator=LED2 Old Footprint=LED-SMD_4P-L5.0-W5.0-BL_XL-5050RGBC New Footprint=LED-SMD_4P-L5.0-W5.0-BL_XL-5050RGBC
Change Physical Footprint: Designator=LED3 Old Footprint=LED-SMD_4P-L5.0-W5.0-BL_XL-5050RGBC New Footprint=LED-SMD_4P-L5.0-W5.0-BL_XL-5050RGBC
Change Physical Footprint: Designator=LED4 Old Footprint=LED-SMD_4P-L5.0-W5.0-BL_XL-5050RGBC New Footprint=LED-SMD_4P-L5.0-W5.0-BL_XL-5050RGBC
Change Physical Footprint: Designator=LED5 Old Footprint=LED-SMD_4P-L5.0-W5.0-BL_XL-5050RGBC New Footprint=LED-SMD_4P-L5.0-W5.0-BL_XL-5050RGBC
Change Physical Footprint: Designator=LED6 Old Footprint=LED-SMD_4P-L5.0-W5.0-BL_XL-5050RGBC New Footprint=LED-SMD_4P-L5.0-W5.0-BL_XL-5050RGBC
Change Physical Footprint: Designator=LED7 Old Footprint=LED-SMD_4P-L5.0-W5.0-BL_XL-5050RGBC New Footprint=LED-SMD_4P-L5.0-W5.0-BL_XL-5050RGBC
Change Physical Footprint: Designator=LED8 Old Footprint=LED-SMD_4P-L5.0-W5.0-BL_XL-5050RGBC New Footprint=LED-SMD_4P-L5.0-W5.0-BL_XL-5050RGBC
Change Physical Footprint: Designator=LED9 Old Footprint=LED-SMD_4P-L5.0-W5.0-BL_XL-5050RGBC New Footprint=LED-SMD_4P-L5.0-W5.0-BL_XL-5050RGBC
Change Physical Footprint: Designator=LED10 Old Footprint=LED-SMD_4P-L5.0-W5.0-BL_XL-5050RGBC New Footprint=LED-SMD_4P-L5.0-W5.0-BL_XL-5050RGBC
Change Physical Footprint: Designator=P1 Old Footprint=XT30PW-M New Footprint=XT30PW-M
Change Physical Footprint: Designator=R1 Old Footprint=R0402 New Footprint=R0402
Change Physical Footprint: Designator=R2 Old Footprint=R0402 New Footprint=R0402
Change Physical Footprint: Designator=R3 Old Footprint=R0402 New Footprint=R0402
Change Physical Footprint: Designator=R4 Old Footprint=R0402 New Footprint=R0402
Change Physical Footprint: Designator=R5 Old Footprint=R0402 New Footprint=R0402
Change Physical Footprint: Designator=R6 Old Footprint=R0402 New Footprint=R0402
Change Physical Footprint: Designator=R7 Old Footprint=R0402 New Footprint=R0402
Change Physical Footprint: Designator=R8 Old Footprint=R0402 New Footprint=R0402
Change Physical Footprint: Designator=R9 Old Footprint=R0402 New Footprint=R0402
Change Physical Footprint: Designator=R10 Old Footprint=R0402 New Footprint=R0402
Change Physical Footprint: Designator=R11 Old Footprint=R0402 New Footprint=R0402
Change Physical Footprint: Designator=R12 Old Footprint=R0402 New Footprint=R0402
Change Physical Footprint: Designator=R13 Old Footprint=R0402 New Footprint=R0402
Change Physical Footprint: Designator=R14 Old Footprint=R0402 New Footprint=R0402
Change Physical Footprint: Designator=R15 Old Footprint=R0402 New Footprint=R0402
Change Physical Footprint: Designator=R16 Old Footprint=R0402 New Footprint=R0402
Change Physical Footprint: Designator=R17 Old Footprint=R0402 New Footprint=R0402
Change Physical Footprint: Designator=R18 Old Footprint=R0402 New Footprint=R0402
Change Physical Footprint: Designator=R19 Old Footprint=R0402 New Footprint=R0402
Change Physical Footprint: Designator=R20 Old Footprint=R0402 New Footprint=R0402
Change Physical Footprint: Designator=R21 Old Footprint=R0402 New Footprint=R0402
Change Physical Footprint: Designator=R22 Old Footprint=R0402 New Footprint=R0402
Change Physical Footprint: Designator=R23 Old Footprint=R0402 New Footprint=R0402
Change Physical Footprint: Designator=R24 Old Footprint=R0402 New Footprint=R0402
Change Physical Footprint: Designator=R25 Old Footprint=R0402 New Footprint=R0402
Change Physical Footprint: Designator=R26 Old Footprint=R0402 New Footprint=R0402
Change Physical Footprint: Designator=R27 Old Footprint=R0402 New Footprint=R0402
Change Physical Footprint: Designator=R28 Old Footprint=R0402 New Footprint=R0402
Change Physical Footprint: Designator=R29 Old Footprint=R0402 New Footprint=R0402
Change Physical Footprint: Designator=R30 Old Footprint=R0402 New Footprint=R0402
Change Physical Footprint: Designator=R31 Old Footprint=R0402 New Footprint=R0402
Change Physical Footprint: Designator=R32 Old Footprint=R0402 New Footprint=R0402
Change Physical Footprint: Designator=R33 Old Footprint=R0402 New Footprint=R0402
Change Physical Footprint: Designator=R34 Old Footprint=R0402 New Footprint=R0402
Change Physical Footprint: Designator=R35 Old Footprint=R0402 New Footprint=R0402
Change Physical Footprint: Designator=R36 Old Footprint=R0402 New Footprint=R0402
Change Physical Footprint: Designator=R37 Old Footprint=R0402 New Footprint=R0402
Change Physical Footprint: Designator=R38 Old Footprint=R0402 New Footprint=R0402
Change Physical Footprint: Designator=R39 Old Footprint=R0402 New Footprint=R0402
Change Physical Footprint: Designator=R40 Old Footprint=R0402 New Footprint=R0402
Change Physical Footprint: Designator=R41 Old Footprint=R0402 New Footprint=R0402
Change Physical Footprint: Designator=R42 Old Footprint=R0402 New Footprint=R0402
Change Physical Footprint: Designator=R43 Old Footprint=R0402 New Footprint=R0402
Change Physical Footprint: Designator=R44 Old Footprint=R0402 New Footprint=R0402
Change Physical Footprint: Designator=R45 Old Footprint=R0402 New Footprint=R0402
Change Physical Footprint: Designator=S1 Old Footprint=KEY_SMD New Footprint=KEY_SMD
Change Physical Footprint: Designator=S2 Old Footprint=KEY_SMD New Footprint=KEY_SMD
Change Physical Footprint: Designator=U1 Old Footprint=CONN-SMD_6P-P1.50_ZX-ZH1.5-6PWT New Footprint=CONN-SMD_6P-P1.50_ZX-ZH1.5-6PWT
Change Physical Footprint: Designator=U2 Old Footprint=SOIC-8_L4.9-W3.9-P1.27-LS6.0-BL New Footprint=SOIC-8_L4.9-W3.9-P1.27-LS6.0-BL
Change Physical Footprint: Designator=U3 Old Footprint=CONN-SMD_6P-P1.50_ZX-ZH1.5-6PWT New Footprint=CONN-SMD_6P-P1.50_ZX-ZH1.5-6PWT
Change Physical Footprint: Designator=U4 Old Footprint=LQFP-48 New Footprint=LQFP-48
Change Physical Footprint: Designator=U5 Old Footprint=SOIC-8_L4.9-W3.9-P1.27-LS6.0-BL New Footprint=SOIC-8_L4.9-W3.9-P1.27-LS6.0-BL
Change Physical Footprint: Designator=U6 Old Footprint=CONN-SMD_6P-P1.50_ZX-ZH1.5-6PWT New Footprint=CONN-SMD_6P-P1.50_ZX-ZH1.5-6PWT
Change Physical Footprint: Designator=U7 Old Footprint=VQFN-20_L4.5-W3.5-P0.50-BL-EP New Footprint=VQFN-20_L4.5-W3.5-P0.50-BL-EP
Change Physical Footprint: Designator=U8 Old Footprint=SOIC-8_L4.9-W3.9-P1.27-LS6.0-BL New Footprint=SOIC-8_L4.9-W3.9-P1.27-LS6.0-BL
Change Physical Footprint: Designator=U9 Old Footprint=SW-TH_6P-L12.7-W11.4-P4.70-LS4.8 New Footprint=SW-TH_6P-L12.7-W11.4-P4.70-LS4.8
Change Physical Footprint: Designator=U10 Old Footprint=SW-TH_6P-L12.7-W11.4-P4.70-LS4.8 New Footprint=SW-TH_6P-L12.7-W11.4-P4.70-LS4.8
Change Physical Footprint: Designator=U11 Old Footprint=SW-TH_6P-L12.7-W11.4-P4.70-LS4.8 New Footprint=SW-TH_6P-L12.7-W11.4-P4.70-LS4.8
Change Physical Footprint: Designator=U12 Old Footprint=SW-TH_6P-L12.7-W11.4-P4.70-LS4.8 New Footprint=SW-TH_6P-L12.7-W11.4-P4.70-LS4.8
Change Physical Footprint: Designator=U13 Old Footprint=VQFN-20_L4.5-W3.5-P0.50-BL-EP New Footprint=VQFN-20_L4.5-W3.5-P0.50-BL-EP
Change Physical Footprint: Designator=U14 Old Footprint=SOT-23-5_L3.0-W1.7-P0.95-LS2.8-BR New Footprint=SOT-23-5_L3.0-W1.7-P0.95-LS2.8-BR
Change Physical Footprint: Designator=U16 Old Footprint=QFN-8 3x3 New Footprint=QFN-8 3x3
Change Physical Footprint: Designator=U17 Old Footprint=SOIC-14_L8.7-W3.9-P1.27-LS6.0-BL New Footprint=SOIC-14_L8.7-W3.9-P1.27-LS6.0-BL
Change Physical Footprint: Designator=USB1 Old Footprint=USB-C-SMD_TYPE-C-6PIN-2MD-073 New Footprint=USB-C-SMD_TYPE-C-6PIN-2MD-073
