Removed Pin From Net: NetName=+5 Pin=C18-1
Removed Pin From Net: NetName=GND Pin=C18-2
Removed Pin From Net: NetName=+5 Pin=C19-1
Removed Pin From Net: NetName=GND Pin=C19-2
Removed Pin From Net: NetName=+5 Pin=C20-1
Removed Pin From Net: NetName=GND Pin=C20-2
Removed Pin From Net: NetName=+5 Pin=C21-1
Removed Pin From Net: NetName=GND Pin=C21-2
Removed Pin From Net: NetName=+5 Pin=C22-1
Removed Pin From Net: NetName=GND Pin=C22-2
Removed Pin From Net: NetName=GND Pin=C27-1
Removed Pin From Net: NetName=+5 Pin=C27-2
Removed Pin From Net: NetName=GND Pin=C28-1
Removed Pin From Net: NetName=+5 Pin=C28-2
Removed Pin From Net: NetName=GND Pin=C29-1
Removed Pin From Net: NetName=+5 Pin=C29-2
Removed Pin From Net: NetName=GND Pin=C30-1
Removed Pin From Net: NetName=+5 Pin=C30-2
Removed Pin From Net: NetName=GND Pin=C31-1
Removed Pin From Net: NetName=+5 Pin=C31-2
Removed Member From Class: ClassName=Main Member=C18
Removed Member From Class: ClassName=Main Member=C19
Removed Member From Class: ClassName=Main Member=C20
Removed Member From Class: ClassName=Main Member=C21
Removed Member From Class: ClassName=Main Member=C22
Removed Member From Class: ClassName=Main Member=C27
Removed Member From Class: ClassName=Main Member=C28
Removed Member From Class: ClassName=Main Member=C29
Removed Member From Class: ClassName=Main Member=C30
Removed Member From Class: ClassName=Main Member=C31
Added Component: Designator=C14(1210)
Added Pin To Net: NetName=GND Pin=C14-1
Added Pin To Net: NetName=+5 Pin=C14-2
Change Net Name : Old Net Name=ADC1 New Net Name=ADC1
Added Member To Class: ClassName=Main Member=Component C14 10uF
