Removed Pin From Net: NetName=+5 Pin=C40-1
Removed Pin From Net: NetName=A2_1 Pin=C40-2
Removed Pin From Net: NetName=3V3 Pin=C61-1
Removed Pin From Net: NetName=A2_1 Pin=C61-2
Removed Pin From Net: NetName=A2_1 Pin=U14-1
Removed Pin From Net: NetName=3V3 Pin=U14-2
Removed Pin From Net: NetName=3V3 Pin=U14-2
Removed Pin From Net: NetName=+5 Pin=U14-3
Removed Member From Class: ClassName=Power Member=C40
Removed Member From Class: ClassName=Power Member=C61
Change Component Footprint: Designator=U14 Old Footprint=sot-223 New Footprint=SOT-23-5_L3.0-W1.7-P0.95-LS2.8-BR
Change Component Comment : Designator=U14 Old Comment=AMS1117-3.3 New Comment=XC6201P332MR-HXY
Change component parameters: Designator = "U14" ("U14"); Footprint = "sot-223"; UniqueID = "\LRJKXOLG" ("\LRJKXOLG")
Change component parameters (AddParameter): Name = "Add into BOM"; Value = "yes"; VariantName = "[No Variations]"
Change component parameters (AddParameter): Name = "Convert to PCB"; Value = "yes"; VariantName = "[No Variations]"
Change component parameters (AddParameter): Name = "Datasheet"; Value = "https://atta.szlcsc.com/upload/public/pdf/source/20231208/3D7EFECB06481ED5AED4680614D7FFF5.pdf"; VariantName = "[No Variations]"
Change component parameters (AddParameter): Name = "Device"; Value = "XC6201P332MR-HXY"; VariantName = "[No Variations]"
Change component parameters (AddParameter): Name = "JLCPCB Part Class"; Value = "Extended Part"; VariantName = "[No Variations]"
Change component parameters (AddParameter): Name = "LCSC Part Name"; Value = "XC6201P332MR-HXY"; VariantName = "[No Variations]"
Change component parameters (AddParameter): Name = "Manufacturer"; Value = "HXY MOSFET(华轩阳电子)"; VariantName = "[No Variations]"
Change component parameters (AddParameter): Name = "Manufacturer Part"; Value = "XC6201P332MR-HXY"; VariantName = "[No Variations]"
Change component parameters (AddParameter): Name = "MAX Output Current"; Value = "300mA"; VariantName = "[No Variations]"
Change component parameters (AddParameter): Name = "Maximum Input Voltage"; Value = "12V"; VariantName = "[No Variations]"
Change component parameters (AddParameter): Name = "Output Polarity"; Value = "正极"; VariantName = "[No Variations]"
Change component parameters (AddParameter): Name = "Output Type"; Value = "固定"; VariantName = "[No Variations]"
Change component parameters (AddParameter): Name = "Output Voltage"; Value = "3.3V"; VariantName = "[No Variations]"
Change component parameters (AddParameter): Name = "Supplier"; Value = "LCSC"; VariantName = "[No Variations]"
Change component parameters (AddParameter): Name = "Supplier Footprint"; Value = "SOT-23-5L"; VariantName = "[No Variations]"
Change component parameters (AddParameter): Name = "Supplier Part"; Value = "C19626990"; VariantName = "[No Variations]"
Change component parameters (AddParameter): Name = "Symbol"; Value = "XC6201P332MR-HXY"; VariantName = "[No Variations]"
Added Component: Designator=C18(3216)
Added Component: Designator=C19(3216)
Added Pin To Net: NetName=+5 Pin=C18-1
Added Pin To Net: NetName=A2_1 Pin=C18-2
Added Pin To Net: NetName=3V3 Pin=C19-1
Added Pin To Net: NetName=A2_1 Pin=C19-2
Added Pin To Net: NetName=+5 Pin=U14-1
Added Pin To Net: NetName=A2_1 Pin=U14-2
Added Pin To Net: NetName=3V3 Pin=U14-5
Added Member To Class: ClassName=Power Member=Component C18 10uF
Added Member To Class: ClassName=Power Member=Component C19 10uF
