Removed Pin From Net: NetName=GND Pin=R35-1
Removed Pin From Net: NetName=24to12_2 Pin=U1-2
Removed Pin From Net: NetName=GND Pin=U1-3
Removed Pin From Net: NetName=GND Pin=U1-4
Removed Pin From Net: NetName=24to12_1 Pin=U3-1
Removed Pin From Net: NetName=GND Pin=U3-3
Removed Pin From Net: NetName=GND Pin=U3-4
Removed Pin From Net: NetName=24to12_1 Pin=U6-1
Removed Pin From Net: NetName=24to12_2 Pin=U6-2
Removed Pin From Net: NetName=GND Pin=U6-3
Removed Pin From Net: NetName=GND Pin=U6-4
Added Pin To Net: NetName=A2_1 Pin=R35-1
Added Pin To Net: NetName=24to12_1 Pin=U1-2
Added Pin To Net: NetName=A2_1 Pin=U1-3
Added Pin To Net: NetName=A2_1 Pin=U1-4
Added Pin To Net: NetName=A2_1 Pin=U1-7
Added Pin To Net: NetName=A2_1 Pin=U1-8
Added Pin To Net: NetName=24to12_2 Pin=U3-1
Added Pin To Net: NetName=A2_1 Pin=U3-3
Added Pin To Net: NetName=A2_1 Pin=U3-4
Added Pin To Net: NetName=A2_1 Pin=U3-7
Added Pin To Net: NetName=A2_1 Pin=U3-8
Added Pin To Net: NetName=VIN Pin=U6-1
Added Pin To Net: NetName=VIN Pin=U6-2
Added Pin To Net: NetName=A2_1 Pin=U6-3
Added Pin To Net: NetName=A2_1 Pin=U6-4
Added Pin To Net: NetName=A2_1 Pin=U6-7
Added Pin To Net: NetName=A2_1 Pin=U6-8
Change Net Name : Old Net Name=ADC1 New Net Name=ADC1
