Added Component: Designator=C24(c0402)
Added Pin To Net: NetName=3V3 Pin=C24-1
Added Pin To Net: NetName=DGND Pin=C24-2
Added Member To Class: ClassName=Sheet1 Member=Component C11 0.1uF
Added Member To Class: ClassName=Sheet1 Member=Component C12 1uF
Added Member To Class: ClassName=Sheet1 Member=Component C14 10uF
Added Member To Class: ClassName=Sheet1 Member=Component C16 1uF
Added Member To Class: ClassName=Sheet1 Member=Component C17 100nF
Added Member To Class: ClassName=Sheet1 Member=Component C18 10uF
Added Member To Class: ClassName=Sheet1 Member=Component C19 10uF
Added Member To Class: ClassName=Sheet1 Member=Component C20 0.1uF
Added Member To Class: ClassName=Sheet1 Member=Component C22 0.1uF
Added Member To Class: ClassName=Sheet1 Member=Component C24 0.1uF
Added Member To Class: ClassName=Sheet1 Member=Component L1 22uH
Added Member To Class: ClassName=Sheet1 Member=Component R4 0次
Added Member To Class: ClassName=Sheet1 Member=Component R5 2K次
Added Member To Class: ClassName=Sheet1 Member=Component R16 43K次
Added Member To Class: ClassName=Sheet1 Member=Component R18 51K次
Added Member To Class: ClassName=Sheet1 Member=Component U4 STM32G431KBU3
Added Member To Class: ClassName=Sheet1 Member=Component U5 MA600
Added Member To Class: ClassName=Sheet1 Member=Component U6 MP9943
