Added Component: Designator=C1(1210)
Added Component: Designator=C2(1210)
Added Component: Designator=C3(1210)
Added Component: Designator=C4(1210)
Added Component: Designator=C5(1210)
Added Component: Designator=C6(1210)
Added Component: Designator=C7(C0402)
Added Component: Designator=C8(C0402)
Added Component: Designator=C9(c0402)
Added Component: Designator=C10(c0402)
Added Component: Designator=C11(c0402)
Added Component: Designator=C12(c0402)
Added Component: Designator=C13(C0402)
Added Component: Designator=C14(c0402)
Added Component: Designator=C15(C0402)
Added Component: Designator=C16(c0402)
Added Component: Designator=C17(c0402)
Added Component: Designator=C18(c0402)
Added Component: Designator=C19(c0402)
Added Component: Designator=C20(c0402)
Added Component: Designator=C21(1210)
Added Component: Designator=C22(c0402)
Added Component: Designator=C23(c0402)
Added Component: Designator=C24(1210)
Added Component: Designator=C25(1210)
Added Component: Designator=C27(c0402)
Added Component: Designator=CN1(CONN-SMD_4P-P1.25_GH1.25-4P)
Added Component: Designator=D1(pg-tdson-8)
Add component (AddParameter): Name = "ComponentLink1Description"; Value = "Manufacturer Link"; VariantName = "[No Variations]"
Add component (AddParameter): Name = "ComponentLink1URL"; Value = "http://www.irf.com/"; VariantName = "[No Variations]"
Add component (AddParameter): Name = "DatasheetVersion"; Value = "PD-9.814"; VariantName = "[No Variations]"
Add component (AddParameter): Name = "LatestRevisionDate"; Value = "17-Jul-2002"; VariantName = "[No Variations]"
Add component (AddParameter): Name = "LatestRevisionNote"; Value = "Re-released for DXP Platform."; VariantName = "[No Variations]"
Add component (AddParameter): Name = "Note"; Value = "Pin 2 is electrically connected to pin 4."; VariantName = "[No Variations]"
Add component (AddParameter): Name = "PackageDescription"; Value = "TO, Thru-Hole, Vertical, Heatsink Mounted; 3 In-Line Leads; Pitch 2.54 mm"; VariantName = "[No Variations]"
Add component (AddParameter): Name = "PackageReference"; Value = "TO-220AB"; VariantName = "[No Variations]"
Add component (AddParameter): Name = "PackageVersion"; Value = "Feb-1997"; VariantName = "[No Variations]"
Add component (AddParameter): Name = "Published"; Value = "8-Jun-2000"; VariantName = "[No Variations]"
Add component (AddParameter): Name = "Publisher"; Value = "Altium Limited"; VariantName = "[No Variations]"
Added Component: Designator=D2(pg-tdson-8)
Add component (AddParameter): Name = "ComponentLink1Description"; Value = "Manufacturer Link"; VariantName = "[No Variations]"
Add component (AddParameter): Name = "ComponentLink1URL"; Value = "http://www.irf.com/"; VariantName = "[No Variations]"
Add component (AddParameter): Name = "DatasheetVersion"; Value = "PD-9.814"; VariantName = "[No Variations]"
Add component (AddParameter): Name = "LatestRevisionDate"; Value = "17-Jul-2002"; VariantName = "[No Variations]"
Add component (AddParameter): Name = "LatestRevisionNote"; Value = "Re-released for DXP Platform."; VariantName = "[No Variations]"
Add component (AddParameter): Name = "Note"; Value = "Pin 2 is electrically connected to pin 4."; VariantName = "[No Variations]"
Add component (AddParameter): Name = "PackageDescription"; Value = "TO, Thru-Hole, Vertical, Heatsink Mounted; 3 In-Line Leads; Pitch 2.54 mm"; VariantName = "[No Variations]"
Add component (AddParameter): Name = "PackageReference"; Value = "TO-220AB"; VariantName = "[No Variations]"
Add component (AddParameter): Name = "PackageVersion"; Value = "Feb-1997"; VariantName = "[No Variations]"
Add component (AddParameter): Name = "Published"; Value = "8-Jun-2000"; VariantName = "[No Variations]"
Add component (AddParameter): Name = "Publisher"; Value = "Altium Limited"; VariantName = "[No Variations]"
Added Component: Designator=D3(pg-tdson-8)
Add component (AddParameter): Name = "ComponentLink1Description"; Value = "Manufacturer Link"; VariantName = "[No Variations]"
Add component (AddParameter): Name = "ComponentLink1URL"; Value = "http://www.irf.com/"; VariantName = "[No Variations]"
Add component (AddParameter): Name = "DatasheetVersion"; Value = "PD-9.814"; VariantName = "[No Variations]"
Add component (AddParameter): Name = "LatestRevisionDate"; Value = "17-Jul-2002"; VariantName = "[No Variations]"
Add component (AddParameter): Name = "LatestRevisionNote"; Value = "Re-released for DXP Platform."; VariantName = "[No Variations]"
Add component (AddParameter): Name = "Note"; Value = "Pin 2 is electrically connected to pin 4."; VariantName = "[No Variations]"
Add component (AddParameter): Name = "PackageDescription"; Value = "TO, Thru-Hole, Vertical, Heatsink Mounted; 3 In-Line Leads; Pitch 2.54 mm"; VariantName = "[No Variations]"
Add component (AddParameter): Name = "PackageReference"; Value = "TO-220AB"; VariantName = "[No Variations]"
Add component (AddParameter): Name = "PackageVersion"; Value = "Feb-1997"; VariantName = "[No Variations]"
Add component (AddParameter): Name = "Published"; Value = "8-Jun-2000"; VariantName = "[No Variations]"
Add component (AddParameter): Name = "Publisher"; Value = "Altium Limited"; VariantName = "[No Variations]"
Added Component: Designator=D4(pg-tdson-8)
Add component (AddParameter): Name = "ComponentLink1Description"; Value = "Manufacturer Link"; VariantName = "[No Variations]"
Add component (AddParameter): Name = "ComponentLink1URL"; Value = "http://www.irf.com/"; VariantName = "[No Variations]"
Add component (AddParameter): Name = "DatasheetVersion"; Value = "PD-9.814"; VariantName = "[No Variations]"
Add component (AddParameter): Name = "LatestRevisionDate"; Value = "17-Jul-2002"; VariantName = "[No Variations]"
Add component (AddParameter): Name = "LatestRevisionNote"; Value = "Re-released for DXP Platform."; VariantName = "[No Variations]"
Add component (AddParameter): Name = "Note"; Value = "Pin 2 is electrically connected to pin 4."; VariantName = "[No Variations]"
Add component (AddParameter): Name = "PackageDescription"; Value = "TO, Thru-Hole, Vertical, Heatsink Mounted; 3 In-Line Leads; Pitch 2.54 mm"; VariantName = "[No Variations]"
Add component (AddParameter): Name = "PackageReference"; Value = "TO-220AB"; VariantName = "[No Variations]"
Add component (AddParameter): Name = "PackageVersion"; Value = "Feb-1997"; VariantName = "[No Variations]"
Add component (AddParameter): Name = "Published"; Value = "8-Jun-2000"; VariantName = "[No Variations]"
Add component (AddParameter): Name = "Publisher"; Value = "Altium Limited"; VariantName = "[No Variations]"
Added Component: Designator=D5(pg-tdson-8)
Add component (AddParameter): Name = "ComponentLink1Description"; Value = "Manufacturer Link"; VariantName = "[No Variations]"
Add component (AddParameter): Name = "ComponentLink1URL"; Value = "http://www.irf.com/"; VariantName = "[No Variations]"
Add component (AddParameter): Name = "DatasheetVersion"; Value = "PD-9.814"; VariantName = "[No Variations]"
Add component (AddParameter): Name = "LatestRevisionDate"; Value = "17-Jul-2002"; VariantName = "[No Variations]"
Add component (AddParameter): Name = "LatestRevisionNote"; Value = "Re-released for DXP Platform."; VariantName = "[No Variations]"
Add component (AddParameter): Name = "Note"; Value = "Pin 2 is electrically connected to pin 4."; VariantName = "[No Variations]"
Add component (AddParameter): Name = "PackageDescription"; Value = "TO, Thru-Hole, Vertical, Heatsink Mounted; 3 In-Line Leads; Pitch 2.54 mm"; VariantName = "[No Variations]"
Add component (AddParameter): Name = "PackageReference"; Value = "TO-220AB"; VariantName = "[No Variations]"
Add component (AddParameter): Name = "PackageVersion"; Value = "Feb-1997"; VariantName = "[No Variations]"
Add component (AddParameter): Name = "Published"; Value = "8-Jun-2000"; VariantName = "[No Variations]"
Add component (AddParameter): Name = "Publisher"; Value = "Altium Limited"; VariantName = "[No Variations]"
Added Component: Designator=D6(pg-tdson-8)
Add component (AddParameter): Name = "ComponentLink1Description"; Value = "Manufacturer Link"; VariantName = "[No Variations]"
Add component (AddParameter): Name = "ComponentLink1URL"; Value = "http://www.irf.com/"; VariantName = "[No Variations]"
Add component (AddParameter): Name = "DatasheetVersion"; Value = "PD-9.814"; VariantName = "[No Variations]"
Add component (AddParameter): Name = "LatestRevisionDate"; Value = "17-Jul-2002"; VariantName = "[No Variations]"
Add component (AddParameter): Name = "LatestRevisionNote"; Value = "Re-released for DXP Platform."; VariantName = "[No Variations]"
Add component (AddParameter): Name = "Note"; Value = "Pin 2 is electrically connected to pin 4."; VariantName = "[No Variations]"
Add component (AddParameter): Name = "PackageDescription"; Value = "TO, Thru-Hole, Vertical, Heatsink Mounted; 3 In-Line Leads; Pitch 2.54 mm"; VariantName = "[No Variations]"
Add component (AddParameter): Name = "PackageReference"; Value = "TO-220AB"; VariantName = "[No Variations]"
Add component (AddParameter): Name = "PackageVersion"; Value = "Feb-1997"; VariantName = "[No Variations]"
Add component (AddParameter): Name = "Published"; Value = "8-Jun-2000"; VariantName = "[No Variations]"
Add component (AddParameter): Name = "Publisher"; Value = "Altium Limited"; VariantName = "[No Variations]"
Added Component: Designator=H2(CONN-SMD_6P-P1.25_XYECONN_XY-GH1.25-6A61)
Added Component: Designator=H3(CONN-SMD_6P-P1.25_XYECONN_XY-GH1.25-6A61)
Added Component: Designator=L1(L0805)
Added Component: Designator=L2(IND-SMD_L5.4-W5.2)
Add component (AddParameter): Name = "Add into BOM"; Value = "yes"; VariantName = "[No Variations]"
Add component (AddParameter): Name = "Convert to PCB"; Value = "yes"; VariantName = "[No Variations]"
Add component (AddParameter): Name = "Datasheet"; Value = "https://atta.szlcsc.com/upload/public/pdf/source/20240328/42FE63A3232C4AF7EB8F1CDEDD5FC69F.pdf"; VariantName = "[No Variations]"
Add component (AddParameter): Name = "DC Resistance (DCR)"; Value = "125mΩ"; VariantName = "[No Variations]"
Add component (AddParameter): Name = "Device"; Value = "XR0530-100M"; VariantName = "[No Variations]"
Add component (AddParameter): Name = "JLCPCB Part Class"; Value = "Extended Part"; VariantName = "[No Variations]"
Add component (AddParameter): Name = "LCSC Part Name"; Value = "10uH ±20% 3.5A"; VariantName = "[No Variations]"
Add component (AddParameter): Name = "Manufacturer"; Value = "XR(祥如)"; VariantName = "[No Variations]"
Add component (AddParameter): Name = "Manufacturer Part"; Value = "XR0530-100M"; VariantName = "[No Variations]"
Add component (AddParameter): Name = "Rated Current"; Value = "3.2A"; VariantName = "[No Variations]"
Add component (AddParameter): Name = "Saturation Current (Isat)"; Value = "3.5A"; VariantName = "[No Variations]"
Add component (AddParameter): Name = "Supplier"; Value = "LCSC"; VariantName = "[No Variations]"
Add component (AddParameter): Name = "Supplier Footprint"; Value = "SMD,0530"; VariantName = "[No Variations]"
Add component (AddParameter): Name = "Supplier Part"; Value = "C5307602"; VariantName = "[No Variations]"
Add component (AddParameter): Name = "Symbol"; Value = "XR0530-100M"; VariantName = "[No Variations]"
Add component (AddParameter): Name = "Tolerance"; Value = "±20%"; VariantName = "[No Variations]"
Add component (AddParameter): Name = "Type"; Value = "一体成型电感"; VariantName = "[No Variations]"
Add component (AddParameter): Name = "Value"; Value = "10uH"; VariantName = "[No Variations]"
Added Component: Designator=LED2(led0805)
Added Component: Designator=R1(R0402)
Add component (AddParameter): Name = "W"; Value = ""; VariantName = "[No Variations]"
Added Component: Designator=R2(R0402)
Add component (AddParameter): Name = "W"; Value = ""; VariantName = "[No Variations]"
Added Component: Designator=R3(R0402)
Add component (AddParameter): Name = "W"; Value = ""; VariantName = "[No Variations]"
Added Component: Designator=R4(R0402)
Add component (AddParameter): Name = "W"; Value = ""; VariantName = "[No Variations]"
Added Component: Designator=R5(R0402)
Add component (AddParameter): Name = "W"; Value = ""; VariantName = "[No Variations]"
Added Component: Designator=R10(R0402)
Add component (AddParameter): Name = "W"; Value = ""; VariantName = "[No Variations]"
Added Component: Designator=R13(R 2512_M)
Added Component: Designator=R16(R0402)
Add component (AddParameter): Name = "W"; Value = ""; VariantName = "[No Variations]"
Added Component: Designator=R17(R 2512_M)
Added Component: Designator=R18(R 2512_M)
Added Component: Designator=R19(R0402)
Add component (AddParameter): Name = "W"; Value = ""; VariantName = "[No Variations]"
Added Component: Designator=R20(R0402)
Add component (AddParameter): Name = "W"; Value = ""; VariantName = "[No Variations]"
Added Component: Designator=R21(R0402)
Add component (AddParameter): Name = "W"; Value = ""; VariantName = "[No Variations]"
Added Component: Designator=R23(R0402)
Add component (AddParameter): Name = "W"; Value = ""; VariantName = "[No Variations]"
Added Component: Designator=R24(R0402)
Add component (AddParameter): Name = "W"; Value = ""; VariantName = "[No Variations]"
Added Component: Designator=R25(R0402)
Add component (AddParameter): Name = "W"; Value = ""; VariantName = "[No Variations]"
Added Component: Designator=R26(R0402)
Add component (AddParameter): Name = "W"; Value = ""; VariantName = "[No Variations]"
Added Component: Designator=R27(R0402)
Add component (AddParameter): Name = "W"; Value = ""; VariantName = "[No Variations]"
Added Component: Designator=R28(R0402)
Add component (AddParameter): Name = "W"; Value = ""; VariantName = "[No Variations]"
Added Component: Designator=U1(UFQFPN-32_L5.0-W5.0-P0.50-BL-EP3.5)
Add component (AddParameter): Name = "ADC (Bit)"; Value = "12bit"; VariantName = "[No Variations]"
Add component (AddParameter): Name = "Add into BOM"; Value = "yes"; VariantName = "[No Variations]"
Add component (AddParameter): Name = "Application Area"; Value = "-"; VariantName = "[No Variations]"
Add component (AddParameter): Name = "Convert to PCB"; Value = "yes"; VariantName = "[No Variations]"
Add component (AddParameter): Name = "CPU Core"; Value = "ARM-M4"; VariantName = "[No Variations]"
Add component (AddParameter): Name = "CPU Maximum Speed"; Value = "170MHz"; VariantName = "[No Variations]"
Add component (AddParameter): Name = "DAC (Bit)"; Value = "12bit"; VariantName = "[No Variations]"
Add component (AddParameter): Name = "Datasheet"; Value = "https://atta.szlcsc.com/upload/public/pdf/source/20210607/F3CD0646E5D00AAFDE875C196C2D7333.pdf"; VariantName = "[No Variations]"
Add component (AddParameter): Name = "Device"; Value = "STM32G431KBU3"; VariantName = "[No Variations]"
Add component (AddParameter): Name = "JLCPCB Part Class"; Value = "Extended Part"; VariantName = "[No Variations]"
Add component (AddParameter): Name = "LCSC Part Name"; Value = "带DSP和FPU的170MHz主流ARM Cortex-M4 MCU，具有128 KB Flash存储器、数学加速器和中等模拟电平集成"; VariantName = "[No Variations]"
Add component (AddParameter): Name = "Low Voltage Detection Threshold"; Value = "1.71V~3.6V"; VariantName = "[No Variations]"
Add component (AddParameter): Name = "Manufacturer"; Value = "ST(意法半导体)"; VariantName = "[No Variations]"
Add component (AddParameter): Name = "Manufacturer Part"; Value = "STM32G431KBU3"; VariantName = "[No Variations]"
Add component (AddParameter): Name = "Number of I/O"; Value = "26"; VariantName = "[No Variations]"
Add component (AddParameter): Name = "Program Memory Type"; Value = "FLASH"; VariantName = "[No Variations]"
Add component (AddParameter): Name = "Program Storage Size"; Value = "128KB"; VariantName = "[No Variations]"
Add component (AddParameter): Name = "Supplier"; Value = "LCSC"; VariantName = "[No Variations]"
Add component (AddParameter): Name = "Supplier Footprint"; Value = "UFQFPN-32(5x5)"; VariantName = "[No Variations]"
Add component (AddParameter): Name = "Supplier Part"; Value = "C1341901"; VariantName = "[No Variations]"
Add component (AddParameter): Name = "Symbol"; Value = "STM32G431KBU3"; VariantName = "[No Variations]"
Added Component: Designator=U2(qfn-16-l3.0-w3.0-p0.50-tl-ep1.7)
Added Component: Designator=U3(SOT-23-5_L3.0-W1.7-P0.95-LS2.8-BR)
Add component (AddParameter): Name = "Add into BOM"; Value = "yes"; VariantName = "[No Variations]"
Add component (AddParameter): Name = "Convert to PCB"; Value = "yes"; VariantName = "[No Variations]"
Add component (AddParameter): Name = "Datasheet"; Value = "https://atta.szlcsc.com/upload/public/pdf/source/20231208/3D7EFECB06481ED5AED4680614D7FFF5.pdf"; VariantName = "[No Variations]"
Add component (AddParameter): Name = "Device"; Value = "XC6201P332MR-HXY"; VariantName = "[No Variations]"
Add component (AddParameter): Name = "JLCPCB Part Class"; Value = "Extended Part"; VariantName = "[No Variations]"
Add component (AddParameter): Name = "LCSC Part Name"; Value = "XC6201P332MR-HXY"; VariantName = "[No Variations]"
Add component (AddParameter): Name = "Manufacturer"; Value = "HXY MOSFET(华轩阳电子)"; VariantName = "[No Variations]"
Add component (AddParameter): Name = "Manufacturer Part"; Value = "XC6201P332MR-HXY"; VariantName = "[No Variations]"
Add component (AddParameter): Name = "MAX Output Current"; Value = "300mA"; VariantName = "[No Variations]"
Add component (AddParameter): Name = "Maximum Input Voltage"; Value = "12V"; VariantName = "[No Variations]"
Add component (AddParameter): Name = "Output Polarity"; Value = "正极"; VariantName = "[No Variations]"
Add component (AddParameter): Name = "Output Type"; Value = "固定"; VariantName = "[No Variations]"
Add component (AddParameter): Name = "Output Voltage"; Value = "3.3V"; VariantName = "[No Variations]"
Add component (AddParameter): Name = "Supplier"; Value = "LCSC"; VariantName = "[No Variations]"
Add component (AddParameter): Name = "Supplier Footprint"; Value = "SOT-23-5L"; VariantName = "[No Variations]"
Add component (AddParameter): Name = "Supplier Part"; Value = "C19626990"; VariantName = "[No Variations]"
Add component (AddParameter): Name = "Symbol"; Value = "XC6201P332MR-HXY"; VariantName = "[No Variations]"
Added Component: Designator=U4(DFN-8_L3.0-W3.0-P0.65-BL)
Added Component: Designator=U5(QFN-8 3x3)
Added Component: Designator=U6(QFN-40_L6.0-W6.0-P0.50-BL-EP4.5)
Add component (AddParameter): Name = "Add into BOM"; Value = "yes"; VariantName = "[No Variations]"
Add component (AddParameter): Name = "Convert to PCB"; Value = "yes"; VariantName = "[No Variations]"
Add component (AddParameter): Name = "Datasheet"; Value = "https://www.ti.com/cn/lit/gpn/drv8323"; VariantName = "[No Variations]"
Add component (AddParameter): Name = "Device"; Value = "DRV8323HRTAR"; VariantName = "[No Variations]"
Add component (AddParameter): Name = "JLCPCB Part Class"; Value = "Extended Part"; VariantName = "[No Variations]"
Add component (AddParameter): Name = "LCSC Part Name"; Value = "5mA 无刷直流BLDC电机驱动芯片 60V"; VariantName = "[No Variations]"
Add component (AddParameter): Name = "Manufacturer"; Value = "TI(德州仪器)"; VariantName = "[No Variations]"
Add component (AddParameter): Name = "Manufacturer Part"; Value = "DRV8323HRTAR"; VariantName = "[No Variations]"
Add component (AddParameter): Name = "Supplier"; Value = "LCSC"; VariantName = "[No Variations]"
Add component (AddParameter): Name = "Supplier Footprint"; Value = "QFN-40-EP(6x6)"; VariantName = "[No Variations]"
Add component (AddParameter): Name = "Supplier Part"; Value = "C701783"; VariantName = "[No Variations]"
Add component (AddParameter): Name = "Symbol"; Value = "DRV8323HRTAR"; VariantName = "[No Variations]"
Added Pin To Net: NetName=3V3 Pin=C7-1
Added Pin To Net: NetName=3V3 Pin=C8-1
Added Pin To Net: NetName=3V3 Pin=C13-2
Added Pin To Net: NetName=3V3 Pin=C15-2
Added Pin To Net: NetName=3V3 Pin=C17-2
Added Pin To Net: NetName=3V3 Pin=C18-1
Added Pin To Net: NetName=3V3 Pin=C23-2
Added Pin To Net: NetName=3V3 Pin=CN1-1
Added Pin To Net: NetName=3V3 Pin=L1-1
Added Pin To Net: NetName=3V3 Pin=R1-2
Added Pin To Net: NetName=3V3 Pin=R20-1
Added Pin To Net: NetName=3V3 Pin=U1-1
Added Pin To Net: NetName=3V3 Pin=U1-17
Added Pin To Net: NetName=3V3 Pin=U2-13
Added Pin To Net: NetName=3V3 Pin=U2-14
Added Pin To Net: NetName=3V3 Pin=U3-5
Added Net: Name=3V3
Added Pin To Net: NetName=5V Pin=C14-2
Added Pin To Net: NetName=5V Pin=C16-2
Added Pin To Net: NetName=5V Pin=C24-2
Added Pin To Net: NetName=5V Pin=C25-2
Added Pin To Net: NetName=5V Pin=L2-2
Added Pin To Net: NetName=5V Pin=R26-2
Added Pin To Net: NetName=5V Pin=U3-1
Added Pin To Net: NetName=5V Pin=U3-3
Added Net: Name=5V
Added Pin To Net: NetName=AGND Pin=C11-1
Added Pin To Net: NetName=AGND Pin=C12-1
Added Pin To Net: NetName=AGND Pin=R5-1
Added Pin To Net: NetName=AGND Pin=R19-2
Added Pin To Net: NetName=AGND Pin=U6-26
Added Pin To Net: NetName=AGND Pin=U6-32
Added Net: Name=AGND
Added Pin To Net: NetName=CAN_N Pin=H2-5
Added Pin To Net: NetName=CAN_N Pin=H3-5
Added Pin To Net: NetName=CAN_N Pin=R23-1
Added Net: Name=CAN_N
Added Pin To Net: NetName=CAN_P Pin=H2-6
Added Pin To Net: NetName=CAN_P Pin=H3-6
Added Pin To Net: NetName=CAN_P Pin=R23-2
Added Net: Name=CAN_P
Added Pin To Net: NetName=DGND Pin=C14-1
Added Pin To Net: NetName=DGND Pin=C18-2
Added Pin To Net: NetName=DGND Pin=C19-1
Added Pin To Net: NetName=DGND Pin=C23-1
Added Pin To Net: NetName=DGND Pin=CN1-2
Added Pin To Net: NetName=DGND Pin=LED2-2
Added Pin To Net: NetName=DGND Pin=R2-2
Added Pin To Net: NetName=DGND Pin=R16-1
Added Pin To Net: NetName=DGND Pin=R24-1
Added Pin To Net: NetName=DGND Pin=U1-14
Added Pin To Net: NetName=DGND Pin=U1-16
Added Pin To Net: NetName=DGND Pin=U1-32
Added Pin To Net: NetName=DGND Pin=U1-33
Added Net: Name=DGND
Added Pin To Net: NetName=DRV8323_CAL Pin=R19-1
Added Pin To Net: NetName=DRV8323_CAL Pin=U1-9
Added Pin To Net: NetName=DRV8323_CAL Pin=U6-31
Added Net: Name=DRV8323_CAL
Added Pin To Net: NetName=DRV8323_EN Pin=U1-10
Added Pin To Net: NetName=DRV8323_EN Pin=U6-30
Added Net: Name=DRV8323_EN
Added Pin To Net: NetName=DRV8323_HA Pin=U1-18
Added Pin To Net: NetName=DRV8323_HA Pin=U6-34
Added Net: Name=DRV8323_HA
Added Pin To Net: NetName=DRV8323_HB Pin=U1-19
Added Pin To Net: NetName=DRV8323_HB Pin=U6-36
Added Net: Name=DRV8323_HB
Added Pin To Net: NetName=DRV8323_HC Pin=U1-20
Added Pin To Net: NetName=DRV8323_HC Pin=U6-38
Added Net: Name=DRV8323_HC
Added Pin To Net: NetName=DRV8323_LA Pin=U1-12
Added Pin To Net: NetName=DRV8323_LA Pin=U6-35
Added Net: Name=DRV8323_LA
Added Pin To Net: NetName=DRV8323_LB Pin=U1-13
Added Pin To Net: NetName=DRV8323_LB Pin=U6-37
Added Net: Name=DRV8323_LB
Added Pin To Net: NetName=DRV8323_LC Pin=U1-2
Added Pin To Net: NetName=DRV8323_LC Pin=U6-39
Added Net: Name=DRV8323_LC
Added Pin To Net: NetName=DRV8323_nF Pin=R10-2
Added Pin To Net: NetName=DRV8323_nF Pin=U1-11
Added Pin To Net: NetName=DRV8323_nF Pin=U6-25
Added Net: Name=DRV8323_nF
Added Pin To Net: NetName=DRV8323_SOA Pin=U1-5
Added Pin To Net: NetName=DRV8323_SOA Pin=U6-23
Added Net: Name=DRV8323_SOA
Added Pin To Net: NetName=DRV8323_SOB Pin=U1-6
Added Pin To Net: NetName=DRV8323_SOB Pin=U6-22
Added Net: Name=DRV8323_SOB
Added Pin To Net: NetName=DRV8323_SOC Pin=U1-7
Added Pin To Net: NetName=DRV8323_SOC Pin=U6-21
Added Net: Name=DRV8323_SOC
Added Pin To Net: NetName=DVDD Pin=C11-2
Added Pin To Net: NetName=DVDD Pin=C12-2
Added Pin To Net: NetName=DVDD Pin=R10-1
Added Pin To Net: NetName=DVDD Pin=U6-24
Added Pin To Net: NetName=DVDD Pin=U6-27
Added Pin To Net: NetName=DVDD Pin=U6-29
Added Pin To Net: NetName=DVDD Pin=U6-33
Added Net: Name=DVDD
Added Pin To Net: NetName=ENCODER_CLK Pin=U1-26
Added Pin To Net: NetName=ENCODER_CLK Pin=U2-12
Added Net: Name=ENCODER_CLK
Added Pin To Net: NetName=ENCODER_CS Pin=U1-25
Added Pin To Net: NetName=ENCODER_CS Pin=U2-5
Added Net: Name=ENCODER_CS
Added Pin To Net: NetName=ENCODER_MISO Pin=U1-27
Added Pin To Net: NetName=ENCODER_MISO Pin=U2-7
Added Net: Name=ENCODER_MISO
Added Pin To Net: NetName=ENCODER_MOSI Pin=U1-28
Added Pin To Net: NetName=ENCODER_MOSI Pin=U2-4
Added Net: Name=ENCODER_MOSI
Added Pin To Net: NetName=FDCAN_RX Pin=U1-21
Added Net: Name=FDCAN_RX
Added Pin To Net: NetName=FDCAN_TX Pin=U1-22
Added Net: Name=FDCAN_TX
Added Pin To Net: NetName=GND Pin=C7-2
Added Pin To Net: NetName=GND Pin=C8-2
Added Pin To Net: NetName=GND Pin=C13-1
Added Pin To Net: NetName=GND Pin=C15-1
Added Pin To Net: NetName=GND Pin=U2-8
Added Net: Name=GND
Added Pin To Net: NetName=NetC9_1 Pin=C9-1
Added Pin To Net: NetName=NetC9_1 Pin=U6-3
Added Net: Name=NetC9_1
Added Pin To Net: NetName=NetC10_1 Pin=C10-1
Added Pin To Net: NetName=NetC10_1 Pin=U6-1
Added Net: Name=NetC10_1
Added Pin To Net: NetName=NetC10_2 Pin=C10-2
Added Pin To Net: NetName=NetC10_2 Pin=U6-2
Added Net: Name=NetC10_2
Added Pin To Net: NetName=NetC19_2 Pin=C19-2
Added Pin To Net: NetName=NetC19_2 Pin=L1-2
Added Pin To Net: NetName=NetC19_2 Pin=U1-15
Added Net: Name=NetC19_2
Added Pin To Net: NetName=NetC20_1 Pin=C20-1
Added Pin To Net: NetName=NetC20_1 Pin=U5-4
Added Net: Name=NetC20_1
Added Pin To Net: NetName=NetC20_2 Pin=C20-2
Added Pin To Net: NetName=NetC20_2 Pin=L2-1
Added Pin To Net: NetName=NetC20_2 Pin=U5-6
Added Net: Name=NetC20_2
Added Pin To Net: NetName=NetC27_2 Pin=C27-2
Added Pin To Net: NetName=NetC27_2 Pin=U5-2
Added Net: Name=NetC27_2
Added Pin To Net: NetName=NetD1_1 Pin=D1-1
Added Pin To Net: NetName=NetD1_1 Pin=U6-6
Added Net: Name=NetD1_1
Added Pin To Net: NetName=NetD2_1 Pin=D2-1
Added Pin To Net: NetName=NetD2_1 Pin=U6-8
Added Net: Name=NetD2_1
Added Pin To Net: NetName=NetD2_3 Pin=D2-3
Added Pin To Net: NetName=NetD2_3 Pin=D2-3
Added Pin To Net: NetName=NetD2_3 Pin=D2-3
Added Pin To Net: NetName=NetD2_3 Pin=R13-2
Added Pin To Net: NetName=NetD2_3 Pin=U6-9
Added Net: Name=NetD2_3
Added Pin To Net: NetName=NetD3_1 Pin=D3-1
Added Pin To Net: NetName=NetD3_1 Pin=U6-15
Added Net: Name=NetD3_1
Added Pin To Net: NetName=NetD4_1 Pin=D4-1
Added Pin To Net: NetName=NetD4_1 Pin=U6-13
Added Net: Name=NetD4_1
Added Pin To Net: NetName=NetD4_3 Pin=D4-3
Added Pin To Net: NetName=NetD4_3 Pin=D4-3
Added Pin To Net: NetName=NetD4_3 Pin=D4-3
Added Pin To Net: NetName=NetD4_3 Pin=R17-2
Added Pin To Net: NetName=NetD4_3 Pin=U6-12
Added Net: Name=NetD4_3
Added Pin To Net: NetName=NetD5_1 Pin=D5-1
Added Pin To Net: NetName=NetD5_1 Pin=U6-16
Added Net: Name=NetD5_1
Added Pin To Net: NetName=NetD6_1 Pin=D6-1
Added Pin To Net: NetName=NetD6_1 Pin=U6-18
Added Net: Name=NetD6_1
Added Pin To Net: NetName=NetD6_3 Pin=D6-3
Added Pin To Net: NetName=NetD6_3 Pin=D6-3
Added Pin To Net: NetName=NetD6_3 Pin=D6-3
Added Pin To Net: NetName=NetD6_3 Pin=R18-2
Added Pin To Net: NetName=NetD6_3 Pin=U6-19
Added Net: Name=NetD6_3
Added Pin To Net: NetName=NetLED2_1 Pin=LED2-1
Added Pin To Net: NetName=NetLED2_1 Pin=R3-2
Added Net: Name=NetLED2_1
Added Pin To Net: NetName=NetR4_1 Pin=R4-1
Added Pin To Net: NetName=NetR4_1 Pin=R21-1
Added Pin To Net: NetName=NetR4_1 Pin=U1-8
Added Net: Name=NetR4_1
Added Pin To Net: NetName=NetR16_2 Pin=R16-2
Added Pin To Net: NetName=NetR16_2 Pin=U1-31
Added Net: Name=NetR16_2
Added Pin To Net: NetName=NetR20_2 Pin=R20-2
Added Pin To Net: NetName=NetR20_2 Pin=U1-4
Added Net: Name=NetR20_2
Added Pin To Net: NetName=NetR25_2 Pin=R25-2
Added Pin To Net: NetName=NetR25_2 Pin=U5-3
Added Net: Name=NetR25_2
Added Pin To Net: NetName=NetR26_1 Pin=R26-1
Added Pin To Net: NetName=NetR26_1 Pin=R27-2
Added Pin To Net: NetName=NetR26_1 Pin=R28-2
Added Net: Name=NetR26_1
Added Pin To Net: NetName=NetR27_1 Pin=R27-1
Added Pin To Net: NetName=NetR27_1 Pin=U5-1
Added Net: Name=NetR27_1
Added Pin To Net: NetName=PGND Pin=C1-1
Added Pin To Net: NetName=PGND Pin=C2-1
Added Pin To Net: NetName=PGND Pin=C3-1
Added Pin To Net: NetName=PGND Pin=C4-1
Added Pin To Net: NetName=PGND Pin=C5-1
Added Pin To Net: NetName=PGND Pin=C6-1
Added Pin To Net: NetName=PGND Pin=C16-1
Added Pin To Net: NetName=PGND Pin=C17-1
Added Pin To Net: NetName=PGND Pin=C21-1
Added Pin To Net: NetName=PGND Pin=C22-1
Added Pin To Net: NetName=PGND Pin=C24-1
Added Pin To Net: NetName=PGND Pin=C25-1
Added Pin To Net: NetName=PGND Pin=C27-1
Added Pin To Net: NetName=PGND Pin=H2-1
Added Pin To Net: NetName=PGND Pin=H2-2
Added Pin To Net: NetName=PGND Pin=H3-1
Added Pin To Net: NetName=PGND Pin=H3-2
Added Pin To Net: NetName=PGND Pin=R4-2
Added Pin To Net: NetName=PGND Pin=R5-2
Added Pin To Net: NetName=PGND Pin=R13-1
Added Pin To Net: NetName=PGND Pin=R17-1
Added Pin To Net: NetName=PGND Pin=R18-1
Added Pin To Net: NetName=PGND Pin=R24-2
Added Pin To Net: NetName=PGND Pin=R28-1
Added Pin To Net: NetName=PGND Pin=U3-2
Added Pin To Net: NetName=PGND Pin=U5-5
Added Pin To Net: NetName=PGND Pin=U6-10
Added Pin To Net: NetName=PGND Pin=U6-11
Added Pin To Net: NetName=PGND Pin=U6-20
Added Pin To Net: NetName=PGND Pin=U6-40
Added Pin To Net: NetName=PGND Pin=U6-41
Added Net: Name=PGND
Added Pin To Net: NetName=SHA Pin=D1-3
Added Pin To Net: NetName=SHA Pin=D1-3
Added Pin To Net: NetName=SHA Pin=D1-3
Added Pin To Net: NetName=SHA Pin=D2-2
Added Pin To Net: NetName=SHA Pin=D2-2
Added Pin To Net: NetName=SHA Pin=D2-2
Added Pin To Net: NetName=SHA Pin=D2-2
Added Pin To Net: NetName=SHA Pin=D2-2
Added Pin To Net: NetName=SHA Pin=U6-7
Added Net: Name=SHA
Added Pin To Net: NetName=SHB Pin=D3-3
Added Pin To Net: NetName=SHB Pin=D3-3
Added Pin To Net: NetName=SHB Pin=D3-3
Added Pin To Net: NetName=SHB Pin=D4-2
Added Pin To Net: NetName=SHB Pin=D4-2
Added Pin To Net: NetName=SHB Pin=D4-2
Added Pin To Net: NetName=SHB Pin=D4-2
Added Pin To Net: NetName=SHB Pin=D4-2
Added Pin To Net: NetName=SHB Pin=U6-14
Added Net: Name=SHB
Added Pin To Net: NetName=SHC Pin=D5-3
Added Pin To Net: NetName=SHC Pin=D5-3
Added Pin To Net: NetName=SHC Pin=D5-3
Added Pin To Net: NetName=SHC Pin=D6-2
Added Pin To Net: NetName=SHC Pin=D6-2
Added Pin To Net: NetName=SHC Pin=D6-2
Added Pin To Net: NetName=SHC Pin=D6-2
Added Pin To Net: NetName=SHC Pin=D6-2
Added Pin To Net: NetName=SHC Pin=U6-17
Added Net: Name=SHC
Added Pin To Net: NetName=STATE_LED Pin=R3-1
Added Pin To Net: NetName=STATE_LED Pin=U1-3
Added Net: Name=STATE_LED
Added Pin To Net: NetName=SWCLK Pin=CN1-3
Added Pin To Net: NetName=SWCLK Pin=R2-1
Added Pin To Net: NetName=SWCLK Pin=U1-24
Added Net: Name=SWCLK
Added Pin To Net: NetName=SWDIO Pin=CN1-4
Added Pin To Net: NetName=SWDIO Pin=R1-1
Added Pin To Net: NetName=SWDIO Pin=U1-23
Added Net: Name=SWDIO
Added Pin To Net: NetName=VBUS Pin=C1-2
Added Pin To Net: NetName=VBUS Pin=C2-2
Added Pin To Net: NetName=VBUS Pin=C3-2
Added Pin To Net: NetName=VBUS Pin=C4-2
Added Pin To Net: NetName=VBUS Pin=C5-2
Added Pin To Net: NetName=VBUS Pin=C6-2
Added Pin To Net: NetName=VBUS Pin=C9-2
Added Pin To Net: NetName=VBUS Pin=C21-2
Added Pin To Net: NetName=VBUS Pin=C22-2
Added Pin To Net: NetName=VBUS Pin=D1-2
Added Pin To Net: NetName=VBUS Pin=D1-2
Added Pin To Net: NetName=VBUS Pin=D1-2
Added Pin To Net: NetName=VBUS Pin=D1-2
Added Pin To Net: NetName=VBUS Pin=D1-2
Added Pin To Net: NetName=VBUS Pin=D3-2
Added Pin To Net: NetName=VBUS Pin=D3-2
Added Pin To Net: NetName=VBUS Pin=D3-2
Added Pin To Net: NetName=VBUS Pin=D3-2
Added Pin To Net: NetName=VBUS Pin=D3-2
Added Pin To Net: NetName=VBUS Pin=D5-2
Added Pin To Net: NetName=VBUS Pin=D5-2
Added Pin To Net: NetName=VBUS Pin=D5-2
Added Pin To Net: NetName=VBUS Pin=D5-2
Added Pin To Net: NetName=VBUS Pin=D5-2
Added Pin To Net: NetName=VBUS Pin=H2-3
Added Pin To Net: NetName=VBUS Pin=H2-4
Added Pin To Net: NetName=VBUS Pin=H3-3
Added Pin To Net: NetName=VBUS Pin=H3-4
Added Pin To Net: NetName=VBUS Pin=R21-2
Added Pin To Net: NetName=VBUS Pin=R25-1
Added Pin To Net: NetName=VBUS Pin=U5-7
Added Pin To Net: NetName=VBUS Pin=U6-4
Added Pin To Net: NetName=VBUS Pin=U6-5
Added Net: Name=VBUS
Added Class: Name=Sheet1
Added Differential Pair: Name=CAN
Added Room: Name=Sheet1
