Change Component Footprint: Designator=U4 Old Footprint=DFN-8_L3.0-W3.0-P0.65-BL New Footprint=DFN-8_L3.0-W3.0-P0.65-BL-EP
Add Pin To Net: Unknown Pin: Pin D1-1
Add Pin To Net: Unknown Pin: Pin D1-2
Add Pin To Net: Unknown Pin: Pin D1-3
Add Pin To Net: Unknown Pin: Pin D2-1
Add Pin To Net: Unknown Pin: Pin D2-2
Add Pin To Net: Unknown Pin: Pin D2-3
Add Pin To Net: Unknown Pin: Pin D3-1
Add Pin To Net: Unknown Pin: Pin D3-2
Add Pin To Net: Unknown Pin: Pin D3-3
Add Pin To Net: Unknown Pin: Pin D4-1
Add Pin To Net: Unknown Pin: Pin D4-2
Add Pin To Net: Unknown Pin: Pin D4-3
Add Pin To Net: Unknown Pin: Pin D5-1
Add Pin To Net: Unknown Pin: Pin D5-2
Add Pin To Net: Unknown Pin: Pin D5-3
Add Pin To Net: Unknown Pin: Pin D6-1
Add Pin To Net: Unknown Pin: Pin D6-2
Add Pin To Net: Unknown Pin: Pin D6-3
Added Pin To Net: NetName=FDCAN_TX Pin=U4-1
Added Pin To Net: NetName=DGND Pin=U4-2
Added Pin To Net: NetName=5V Pin=U4-3
Added Pin To Net: NetName=FDCAN_RX Pin=U4-4
Added Pin To Net: NetName=3V3 Pin=U4-5
Added Pin To Net: NetName=CAN_N Pin=U4-6
Added Pin To Net: NetName=CAN_P Pin=U4-7
Added Pin To Net: NetName=DGND Pin=U4-8
Added Pin To Net: NetName=DGND Pin=U4-9
Added Room: Name=Sheet1
