Change Physical Footprint: Designator=C1 Old Footprint=1210 New Footprint=1210
Change Physical Footprint: Designator=C2 Old Footprint=1210 New Footprint=1210
Change Physical Footprint: Designator=C7 Old Footprint=C0402 New Footprint=C0402
Change Physical Footprint: Designator=C8 Old Footprint=C0402 New Footprint=C0402
Change Physical Footprint: Designator=C9 Old Footprint=c0402 New Footprint=c0402
Change Physical Footprint: Designator=C10 Old Footprint=c0402 New Footprint=c0402
Change Physical Footprint: Designator=C11 Old Footprint=c0402 New Footprint=c0402
Change Physical Footprint: Designator=C12 Old Footprint=c0402 New Footprint=c0402
Change Physical Footprint: Designator=C13 Old Footprint=C0402 New Footprint=C0402
Change Physical Footprint: Designator=C14 Old Footprint=c0402 New Footprint=c0402
Change Physical Footprint: Designator=C15 Old Footprint=C0402 New Footprint=C0402
Change Physical Footprint: Designator=C16 Old Footprint=c0402 New Footprint=c0402
Change Physical Footprint: Designator=C17 Old Footprint=c0402 New Footprint=c0402
Change Physical Footprint: Designator=C18 Old Footprint=c0402 New Footprint=c0402
Change Physical Footprint: Designator=C19 Old Footprint=c0402 New Footprint=c0402
Change Physical Footprint: Designator=C20 Old Footprint=c0402 New Footprint=c0402
Change Physical Footprint: Designator=C21 Old Footprint=C0603 New Footprint=C0603
Change Physical Footprint: Designator=C22 Old Footprint=c0402 New Footprint=c0402
Change Physical Footprint: Designator=C23 Old Footprint=c0402 New Footprint=c0402
Change Physical Footprint: Designator=C24 Old Footprint=C0603 New Footprint=C0603
Change Physical Footprint: Designator=C25 Old Footprint=C0603 New Footprint=C0603
Change Physical Footprint: Designator=C27 Old Footprint=c0402 New Footprint=c0402
Change Physical Footprint: Designator=CN1 Old Footprint=CONN-SMD_4P-P1.25_GH1.25-4P New Footprint=CONN-SMD_4P-P1.25_GH1.25-4P
Change Physical Footprint: Designator=D1 Old Footprint=DFN-8_L3.0-W3.0-P0.65-BL New Footprint=DFN-8_L3.0-W3.0-P0.65-BL
Change Physical Footprint: Designator=D2 Old Footprint=DFN-8_L3.0-W3.0-P0.65-BL New Footprint=DFN-8_L3.0-W3.0-P0.65-BL
Change Physical Footprint: Designator=D3 Old Footprint=DFN-8_L3.0-W3.0-P0.65-BL New Footprint=DFN-8_L3.0-W3.0-P0.65-BL
Change Physical Footprint: Designator=D4 Old Footprint=DFN-8_L3.0-W3.0-P0.65-BL New Footprint=DFN-8_L3.0-W3.0-P0.65-BL
Change Physical Footprint: Designator=D5 Old Footprint=DFN-8_L3.0-W3.0-P0.65-BL New Footprint=DFN-8_L3.0-W3.0-P0.65-BL
Change Physical Footprint: Designator=D6 Old Footprint=DFN-8_L3.0-W3.0-P0.65-BL New Footprint=DFN-8_L3.0-W3.0-P0.65-BL
Change Physical Footprint: Designator=H2 Old Footprint=CONN-SMD_6P-P1.25_XYECONN_XY-GH1.25-6A61 New Footprint=CONN-SMD_6P-P1.25_XYECONN_XY-GH1.25-6A61
Change Physical Footprint: Designator=H3 Old Footprint=CONN-SMD_6P-P1.25_XYECONN_XY-GH1.25-6A61 New Footprint=CONN-SMD_6P-P1.25_XYECONN_XY-GH1.25-6A61
Change Physical Footprint: Designator=L1 Old Footprint=L0805 New Footprint=L0805
Change Physical Footprint: Designator=L2 Old Footprint=IND-SMD_L5.4-W5.2 New Footprint=IND-SMD_L5.4-W5.2
Change Physical Footprint: Designator=LED2 Old Footprint=led0805 New Footprint=led0805
Change Physical Footprint: Designator=R1 Old Footprint=R0402 New Footprint=R0402
Change Physical Footprint: Designator=R2 Old Footprint=R0402 New Footprint=R0402
Change Physical Footprint: Designator=R3 Old Footprint=R0402 New Footprint=R0402
Change Physical Footprint: Designator=R4 Old Footprint=R0402 New Footprint=R0402
Change Physical Footprint: Designator=R5 Old Footprint=R0402 New Footprint=R0402
Change Physical Footprint: Designator=R10 Old Footprint=R0402 New Footprint=R0402
Change Physical Footprint: Designator=R13 Old Footprint=1206 New Footprint=1206
Change Physical Footprint: Designator=R16 Old Footprint=R0402 New Footprint=R0402
Change Physical Footprint: Designator=R17 Old Footprint=1206 New Footprint=1206
Change Physical Footprint: Designator=R18 Old Footprint=1206 New Footprint=1206
Change Physical Footprint: Designator=R19 Old Footprint=R0402 New Footprint=R0402
Change Physical Footprint: Designator=R20 Old Footprint=R0402 New Footprint=R0402
Change Physical Footprint: Designator=R21 Old Footprint=R0402 New Footprint=R0402
Change Physical Footprint: Designator=R23 Old Footprint=R0402 New Footprint=R0402
Change Physical Footprint: Designator=R24 Old Footprint=R0402 New Footprint=R0402
Change Physical Footprint: Designator=R25 Old Footprint=R0402 New Footprint=R0402
Change Physical Footprint: Designator=R26 Old Footprint=R0402 New Footprint=R0402
Change Physical Footprint: Designator=R27 Old Footprint=R0402 New Footprint=R0402
Change Physical Footprint: Designator=R28 Old Footprint=R0402 New Footprint=R0402
Change Physical Footprint: Designator=U1 Old Footprint=UFQFPN-32_L5.0-W5.0-P0.50-BL-EP3.5 New Footprint=UFQFPN-32_L5.0-W5.0-P0.50-BL-EP3.5
Change Physical Footprint: Designator=U2 Old Footprint=qfn-16-l3.0-w3.0-p0.50-tl-ep1.7 New Footprint=qfn-16-l3.0-w3.0-p0.50-tl-ep1.7
Change Physical Footprint: Designator=U3 Old Footprint=SOT-23-5_L3.0-W1.7-P0.95-LS2.8-BR New Footprint=SOT-23-5_L3.0-W1.7-P0.95-LS2.8-BR
Change Physical Footprint: Designator=U4 Old Footprint=DFN-8_L3.0-W3.0-P0.65-BL-EP New Footprint=DFN-8_L3.0-W3.0-P0.65-BL-EP
Change Physical Footprint: Designator=U5 Old Footprint=QFN-8 3x3 New Footprint=QFN-8 3x3
Change Physical Footprint: Designator=U6 Old Footprint=QFN-40_L6.0-W6.0-P0.50-BL-EP4.5 New Footprint=QFN-40_L6.0-W6.0-P0.50-BL-EP4.5
