Added Component: Designator=D1(DFN-8_L3.0-W3.0-P0.65-BL)
Add component (AddParameter): Name = "ComponentLink1Description"; Value = "Manufacturer Link"; VariantName = "[No Variations]"
Add component (AddParameter): Name = "ComponentLink1URL"; Value = "http://www.irf.com/"; VariantName = "[No Variations]"
Add component (AddParameter): Name = "DatasheetVersion"; Value = "PD-9.814"; VariantName = "[No Variations]"
Add component (AddParameter): Name = "LatestRevisionDate"; Value = "17-Jul-2002"; VariantName = "[No Variations]"
Add component (AddParameter): Name = "LatestRevisionNote"; Value = "Re-released for DXP Platform."; VariantName = "[No Variations]"
Add component (AddParameter): Name = "Note"; Value = "Pin 2 is electrically connected to pin 4."; VariantName = "[No Variations]"
Add component (AddParameter): Name = "PackageDescription"; Value = "TO, Thru-Hole, Vertical, Heatsink Mounted; 3 In-Line Leads; Pitch 2.54 mm"; VariantName = "[No Variations]"
Add component (AddParameter): Name = "PackageReference"; Value = "TO-220AB"; VariantName = "[No Variations]"
Add component (AddParameter): Name = "PackageVersion"; Value = "Feb-1997"; VariantName = "[No Variations]"
Add component (AddParameter): Name = "Published"; Value = "8-Jun-2000"; VariantName = "[No Variations]"
Add component (AddParameter): Name = "Publisher"; Value = "Altium Limited"; VariantName = "[No Variations]"
Added Component: Designator=D2(DFN-8_L3.0-W3.0-P0.65-BL)
Add component (AddParameter): Name = "ComponentLink1Description"; Value = "Manufacturer Link"; VariantName = "[No Variations]"
Add component (AddParameter): Name = "ComponentLink1URL"; Value = "http://www.irf.com/"; VariantName = "[No Variations]"
Add component (AddParameter): Name = "DatasheetVersion"; Value = "PD-9.814"; VariantName = "[No Variations]"
Add component (AddParameter): Name = "LatestRevisionDate"; Value = "17-Jul-2002"; VariantName = "[No Variations]"
Add component (AddParameter): Name = "LatestRevisionNote"; Value = "Re-released for DXP Platform."; VariantName = "[No Variations]"
Add component (AddParameter): Name = "Note"; Value = "Pin 2 is electrically connected to pin 4."; VariantName = "[No Variations]"
Add component (AddParameter): Name = "PackageDescription"; Value = "TO, Thru-Hole, Vertical, Heatsink Mounted; 3 In-Line Leads; Pitch 2.54 mm"; VariantName = "[No Variations]"
Add component (AddParameter): Name = "PackageReference"; Value = "TO-220AB"; VariantName = "[No Variations]"
Add component (AddParameter): Name = "PackageVersion"; Value = "Feb-1997"; VariantName = "[No Variations]"
Add component (AddParameter): Name = "Published"; Value = "8-Jun-2000"; VariantName = "[No Variations]"
Add component (AddParameter): Name = "Publisher"; Value = "Altium Limited"; VariantName = "[No Variations]"
Added Component: Designator=D3(DFN-8_L3.0-W3.0-P0.65-BL)
Add component (AddParameter): Name = "ComponentLink1Description"; Value = "Manufacturer Link"; VariantName = "[No Variations]"
Add component (AddParameter): Name = "ComponentLink1URL"; Value = "http://www.irf.com/"; VariantName = "[No Variations]"
Add component (AddParameter): Name = "DatasheetVersion"; Value = "PD-9.814"; VariantName = "[No Variations]"
Add component (AddParameter): Name = "LatestRevisionDate"; Value = "17-Jul-2002"; VariantName = "[No Variations]"
Add component (AddParameter): Name = "LatestRevisionNote"; Value = "Re-released for DXP Platform."; VariantName = "[No Variations]"
Add component (AddParameter): Name = "Note"; Value = "Pin 2 is electrically connected to pin 4."; VariantName = "[No Variations]"
Add component (AddParameter): Name = "PackageDescription"; Value = "TO, Thru-Hole, Vertical, Heatsink Mounted; 3 In-Line Leads; Pitch 2.54 mm"; VariantName = "[No Variations]"
Add component (AddParameter): Name = "PackageReference"; Value = "TO-220AB"; VariantName = "[No Variations]"
Add component (AddParameter): Name = "PackageVersion"; Value = "Feb-1997"; VariantName = "[No Variations]"
Add component (AddParameter): Name = "Published"; Value = "8-Jun-2000"; VariantName = "[No Variations]"
Add component (AddParameter): Name = "Publisher"; Value = "Altium Limited"; VariantName = "[No Variations]"
Added Component: Designator=D4(DFN-8_L3.0-W3.0-P0.65-BL)
Add component (AddParameter): Name = "ComponentLink1Description"; Value = "Manufacturer Link"; VariantName = "[No Variations]"
Add component (AddParameter): Name = "ComponentLink1URL"; Value = "http://www.irf.com/"; VariantName = "[No Variations]"
Add component (AddParameter): Name = "DatasheetVersion"; Value = "PD-9.814"; VariantName = "[No Variations]"
Add component (AddParameter): Name = "LatestRevisionDate"; Value = "17-Jul-2002"; VariantName = "[No Variations]"
Add component (AddParameter): Name = "LatestRevisionNote"; Value = "Re-released for DXP Platform."; VariantName = "[No Variations]"
Add component (AddParameter): Name = "Note"; Value = "Pin 2 is electrically connected to pin 4."; VariantName = "[No Variations]"
Add component (AddParameter): Name = "PackageDescription"; Value = "TO, Thru-Hole, Vertical, Heatsink Mounted; 3 In-Line Leads; Pitch 2.54 mm"; VariantName = "[No Variations]"
Add component (AddParameter): Name = "PackageReference"; Value = "TO-220AB"; VariantName = "[No Variations]"
Add component (AddParameter): Name = "PackageVersion"; Value = "Feb-1997"; VariantName = "[No Variations]"
Add component (AddParameter): Name = "Published"; Value = "8-Jun-2000"; VariantName = "[No Variations]"
Add component (AddParameter): Name = "Publisher"; Value = "Altium Limited"; VariantName = "[No Variations]"
Added Component: Designator=D5(DFN-8_L3.0-W3.0-P0.65-BL)
Add component (AddParameter): Name = "ComponentLink1Description"; Value = "Manufacturer Link"; VariantName = "[No Variations]"
Add component (AddParameter): Name = "ComponentLink1URL"; Value = "http://www.irf.com/"; VariantName = "[No Variations]"
Add component (AddParameter): Name = "DatasheetVersion"; Value = "PD-9.814"; VariantName = "[No Variations]"
Add component (AddParameter): Name = "LatestRevisionDate"; Value = "17-Jul-2002"; VariantName = "[No Variations]"
Add component (AddParameter): Name = "LatestRevisionNote"; Value = "Re-released for DXP Platform."; VariantName = "[No Variations]"
Add component (AddParameter): Name = "Note"; Value = "Pin 2 is electrically connected to pin 4."; VariantName = "[No Variations]"
Add component (AddParameter): Name = "PackageDescription"; Value = "TO, Thru-Hole, Vertical, Heatsink Mounted; 3 In-Line Leads; Pitch 2.54 mm"; VariantName = "[No Variations]"
Add component (AddParameter): Name = "PackageReference"; Value = "TO-220AB"; VariantName = "[No Variations]"
Add component (AddParameter): Name = "PackageVersion"; Value = "Feb-1997"; VariantName = "[No Variations]"
Add component (AddParameter): Name = "Published"; Value = "8-Jun-2000"; VariantName = "[No Variations]"
Add component (AddParameter): Name = "Publisher"; Value = "Altium Limited"; VariantName = "[No Variations]"
Added Component: Designator=D6(DFN-8_L3.0-W3.0-P0.65-BL)
Add component (AddParameter): Name = "ComponentLink1Description"; Value = "Manufacturer Link"; VariantName = "[No Variations]"
Add component (AddParameter): Name = "ComponentLink1URL"; Value = "http://www.irf.com/"; VariantName = "[No Variations]"
Add component (AddParameter): Name = "DatasheetVersion"; Value = "PD-9.814"; VariantName = "[No Variations]"
Add component (AddParameter): Name = "LatestRevisionDate"; Value = "17-Jul-2002"; VariantName = "[No Variations]"
Add component (AddParameter): Name = "LatestRevisionNote"; Value = "Re-released for DXP Platform."; VariantName = "[No Variations]"
Add component (AddParameter): Name = "Note"; Value = "Pin 2 is electrically connected to pin 4."; VariantName = "[No Variations]"
Add component (AddParameter): Name = "PackageDescription"; Value = "TO, Thru-Hole, Vertical, Heatsink Mounted; 3 In-Line Leads; Pitch 2.54 mm"; VariantName = "[No Variations]"
Add component (AddParameter): Name = "PackageReference"; Value = "TO-220AB"; VariantName = "[No Variations]"
Add component (AddParameter): Name = "PackageVersion"; Value = "Feb-1997"; VariantName = "[No Variations]"
Add component (AddParameter): Name = "Published"; Value = "8-Jun-2000"; VariantName = "[No Variations]"
Add component (AddParameter): Name = "Publisher"; Value = "Altium Limited"; VariantName = "[No Variations]"
Added Pin To Net: NetName=VBUS Pin=D1-D
Added Pin To Net: NetName=VBUS Pin=D1-D
Added Pin To Net: NetName=VBUS Pin=D1-D
Added Pin To Net: NetName=VBUS Pin=D1-D
Added Pin To Net: NetName=VBUS Pin=D1-D
Added Pin To Net: NetName=SHA Pin=D1-S
Added Pin To Net: NetName=SHA Pin=D1-S
Added Pin To Net: NetName=SHA Pin=D1-S
Added Pin To Net: NetName=SHA Pin=D2-D
Added Pin To Net: NetName=SHA Pin=D2-D
Added Pin To Net: NetName=SHA Pin=D2-D
Added Pin To Net: NetName=SHA Pin=D2-D
Added Pin To Net: NetName=SHA Pin=D2-D
Added Pin To Net: NetName=VBUS Pin=D3-D
Added Pin To Net: NetName=VBUS Pin=D3-D
Added Pin To Net: NetName=VBUS Pin=D3-D
Added Pin To Net: NetName=VBUS Pin=D3-D
Added Pin To Net: NetName=VBUS Pin=D3-D
Added Pin To Net: NetName=SHB Pin=D3-S
Added Pin To Net: NetName=SHB Pin=D3-S
Added Pin To Net: NetName=SHB Pin=D3-S
Added Pin To Net: NetName=SHB Pin=D4-D
Added Pin To Net: NetName=SHB Pin=D4-D
Added Pin To Net: NetName=SHB Pin=D4-D
Added Pin To Net: NetName=SHB Pin=D4-D
Added Pin To Net: NetName=SHB Pin=D4-D
Added Pin To Net: NetName=VBUS Pin=D5-D
Added Pin To Net: NetName=VBUS Pin=D5-D
Added Pin To Net: NetName=VBUS Pin=D5-D
Added Pin To Net: NetName=VBUS Pin=D5-D
Added Pin To Net: NetName=VBUS Pin=D5-D
Added Pin To Net: NetName=SHC Pin=D5-S
Added Pin To Net: NetName=SHC Pin=D5-S
Added Pin To Net: NetName=SHC Pin=D5-S
Added Pin To Net: NetName=SHC Pin=D6-D
Added Pin To Net: NetName=SHC Pin=D6-D
Added Pin To Net: NetName=SHC Pin=D6-D
Added Pin To Net: NetName=SHC Pin=D6-D
Added Pin To Net: NetName=SHC Pin=D6-D
Added Pin To Net: NetName=NetD1_G Pin=D1-G
Added Pin To Net: NetName=NetD1_G Pin=U6-6
Added Net: Name=NetD1_G
Added Pin To Net: NetName=NetD2_G Pin=D2-G
Added Pin To Net: NetName=NetD2_G Pin=U6-8
Added Net: Name=NetD2_G
Added Pin To Net: NetName=NetD2_S Pin=D2-S
Added Pin To Net: NetName=NetD2_S Pin=D2-S
Added Pin To Net: NetName=NetD2_S Pin=D2-S
Added Pin To Net: NetName=NetD2_S Pin=R13-2
Added Pin To Net: NetName=NetD2_S Pin=U6-9
Added Net: Name=NetD2_S
Added Pin To Net: NetName=NetD3_G Pin=D3-G
Added Pin To Net: NetName=NetD3_G Pin=U6-15
Added Net: Name=NetD3_G
Added Pin To Net: NetName=NetD4_G Pin=D4-G
Added Pin To Net: NetName=NetD4_G Pin=U6-13
Added Net: Name=NetD4_G
Added Pin To Net: NetName=NetD4_S Pin=D4-S
Added Pin To Net: NetName=NetD4_S Pin=D4-S
Added Pin To Net: NetName=NetD4_S Pin=D4-S
Added Pin To Net: NetName=NetD4_S Pin=R17-2
Added Pin To Net: NetName=NetD4_S Pin=U6-12
Added Net: Name=NetD4_S
Added Pin To Net: NetName=NetD5_G Pin=D5-G
Added Pin To Net: NetName=NetD5_G Pin=U6-16
Added Net: Name=NetD5_G
Added Pin To Net: NetName=NetD6_G Pin=D6-G
Added Pin To Net: NetName=NetD6_G Pin=U6-18
Added Net: Name=NetD6_G
Added Pin To Net: NetName=NetD6_S Pin=D6-S
Added Pin To Net: NetName=NetD6_S Pin=D6-S
Added Pin To Net: NetName=NetD6_S Pin=D6-S
Added Pin To Net: NetName=NetD6_S Pin=R18-2
Added Pin To Net: NetName=NetD6_S Pin=U6-19
Added Net: Name=NetD6_S
Added Member To Class: ClassName=Sheet1 Member=Component D1 NTMFS5C410NL
Added Member To Class: ClassName=Sheet1 Member=Component D2 NTMFS5C410NL
Added Member To Class: ClassName=Sheet1 Member=Component D3 NTMFS5C410NL
Added Member To Class: ClassName=Sheet1 Member=Component D4 NTMFS5C410NL
Added Member To Class: ClassName=Sheet1 Member=Component D5 NTMFS5C410NL
Added Member To Class: ClassName=Sheet1 Member=Component D6 NTMFS5C410NL
